<?xml version="1.0" encoding="UTF-8"?>
<testng-results skipped="0" failed="0" ignored="0" total="0" passed="0">
  <reporter-output>
  </reporter-output>
  <suite name="Suite" duration-ms="0" started-at="2020-09-20T05:47:03Z" finished-at="2020-09-20T05:47:03Z">
    <groups>
      <group name="Sanity">
        <method signature="CRUDToDoTest.addTodoItems()[pri:0, instance:todos.todoscrud.CRUDToDoTest@566776ad]" name="addTodoItems" class="todos.todoscrud.CRUDToDoTest"/>
      </group> <!-- Sanity -->
    </groups>
  </suite> <!-- Suite -->
</testng-results>
