<?xml version="1.0" encoding="UTF-8"?>
<!-- Generated by org.testng.reporters.JUnitXMLReporter -->
<testsuite ignored="0" hostname="DESKTOP-M7EUR2I" failures="0" tests="6" name="create" time="14.573" errors="0" timestamp="20 Sep 2020 05:02:18 GMT">
  <testcase classname="todos.todoscrud.CRUDToDoTest" name="addTodoItems" time="1.622"/>
  <testcase classname="todos.todoscrud.CRUDToDoTest" name="CompleteTodo" time="0.633"/>
  <testcase classname="todos.todoscrud.CRUDToDoTest" name="activeFilter" time="0.291"/>
  <testcase classname="todos.todoscrud.CRUDToDoTest" name="comleteFilter" time="0.487"/>
  <testcase classname="todos.todoscrud.CRUDToDoTest" name="deleteTodo" time="0.005"/>
  <testcase classname="todos.todoscrud.CRUDToDoTest" name="verifyAddedItemPresentinTodoList" time="0.099"/>
</testsuite> <!-- create -->
