<?xml version="1.0" encoding="UTF-8"?>
<!-- Generated by org.testng.reporters.JUnitXMLReporter -->
<testsuite ignored="0" hostname="DESKTOP-M7EUR2I" failures="0" tests="6" name="create" time="12.043" errors="0" timestamp="18 Sep 2020 16:47:37 GMT">
  <testcase classname="todos.todoscrud.CRUDToDoTest" name="addTodoItems" time="1.337"/>
  <testcase classname="todos.todoscrud.CRUDToDoTest" name="CompleteTodo" time="0.254"/>
  <testcase classname="todos.todoscrud.CRUDToDoTest" name="activeFilter" time="0.131"/>
  <testcase classname="todos.todoscrud.CRUDToDoTest" name="comleteFilter" time="0.141"/>
  <testcase classname="todos.todoscrud.CRUDToDoTest" name="deleteTodo" time="0.001"/>
  <testcase classname="todos.todoscrud.CRUDToDoTest" name="verifyAddedItemPresentinTodoList" time="0.025"/>
</testsuite> <!-- create -->
