<?xml version="1.0" encoding="UTF-8"?>
<!-- Generated by org.testng.reporters.JUnitXMLReporter -->
<testsuite ignored="0" hostname="DESKTOP-M7EUR2I" failures="1" tests="6" name="Command line test" time="9.733" errors="0" timestamp="17 Sep 2020 12:06:48 GMT">
  <testcase classname="todos.todoscrud.CRUDToDoTest" name="addTodoItems" time="0.001">
    <failure type="java.lang.IllegalArgumentException" message="file not found! /ToDoItems.txt">
      <![CDATA[java.lang.IllegalArgumentException: file not found! /ToDoItems.txt
at commonLib.UtilLib.getFileFromResourceAsStream1(UtilLib.java:56)
at commonLib.UtilLib.fetchTodoListFromFile(UtilLib.java:68)
at todos.todoscrud.CRUDToDoTest.addTodoItems(CRUDToDoTest.java:48)
... Removed 34 stack frames]]>
    </failure>
  </testcase> <!-- addTodoItems -->
  <testcase classname="todos.todoscrud.CRUDToDoTest" name="CompleteTodo" time="0.0">
    <skipped/>
  </testcase> <!-- CompleteTodo -->
  <testcase classname="todos.todoscrud.CRUDToDoTest" name="activeFilter" time="0.0">
    <skipped/>
  </testcase> <!-- activeFilter -->
  <testcase classname="todos.todoscrud.CRUDToDoTest" name="comleteFilter" time="0.0">
    <skipped/>
  </testcase> <!-- comleteFilter -->
  <testcase classname="todos.todoscrud.CRUDToDoTest" name="deleteTodo" time="0.0">
    <skipped/>
  </testcase> <!-- deleteTodo -->
  <testcase classname="todos.todoscrud.CRUDToDoTest" name="verifyAddedItemPresentinTodoList" time="0.0">
    <skipped/>
  </testcase> <!-- verifyAddedItemPresentinTodoList -->
</testsuite> <!-- Command line test -->
