<?xml version="1.0" encoding="UTF-8"?>
<testng-results ignored="0" total="6" passed="6" failed="0" skipped="0">
  <reporter-output>
  </reporter-output>
  <suite started-at="2020-09-18T15:44:52Z" name="Suite" finished-at="2020-09-18T15:45:05Z" duration-ms="13518">
    <groups>
      <group name="Sanity">
        <method signature="CRUDToDoTest.addTodoItems()[pri:0, instance:todos.todoscrud.CRUDToDoTest@11a9e7c8]" name="addTodoItems" class="todos.todoscrud.CRUDToDoTest"/>
      </group> <!-- Sanity -->
    </groups>
    <test started-at="2020-09-18T15:44:52Z" name="create" finished-at="2020-09-18T15:45:05Z" duration-ms="13518">
      <class name="todos.todoscrud.CRUDToDoTest">
        <test-method is-config="true" signature="setupDriver()[pri:0, instance:todos.todoscrud.CRUDToDoTest@11a9e7c8]" started-at="2020-09-18T15:44:52Z" name="setupDriver" finished-at="2020-09-18T15:44:59Z" duration-ms="6917" status="PASS">
          <reporter-output>
          </reporter-output>
        </test-method> <!-- setupDriver -->
        <test-method is-config="true" signature="goTo()[pri:0, instance:todos.todoscrud.CRUDToDoTest@11a9e7c8]" started-at="2020-09-18T15:44:59Z" name="goTo" finished-at="2020-09-18T15:45:02Z" depends-on-methods="commonLib.BaseTest.setupDriver" duration-ms="3019" status="PASS">
          <reporter-output>
          </reporter-output>
        </test-method> <!-- goTo -->
        <test-method signature="addTodoItems()[pri:0, instance:todos.todoscrud.CRUDToDoTest@11a9e7c8]" started-at="2020-09-18T15:45:02Z" name="addTodoItems" finished-at="2020-09-18T15:45:03Z" duration-ms="1456" status="PASS">
          <reporter-output>
          </reporter-output>
        </test-method> <!-- addTodoItems -->
        <test-method signature="CompleteTodo()[pri:0, instance:todos.todoscrud.CRUDToDoTest@11a9e7c8]" started-at="2020-09-18T15:45:03Z" name="CompleteTodo" finished-at="2020-09-18T15:45:04Z" depends-on-methods="todos.todoscrud.CRUDToDoTest.addTodoItems" duration-ms="442" status="PASS">
          <reporter-output>
          </reporter-output>
        </test-method> <!-- CompleteTodo -->
        <test-method signature="activeFilter()[pri:0, instance:todos.todoscrud.CRUDToDoTest@11a9e7c8]" started-at="2020-09-18T15:45:04Z" name="activeFilter" finished-at="2020-09-18T15:45:04Z" depends-on-methods="todos.todoscrud.CRUDToDoTest.addTodoItems" duration-ms="311" status="PASS">
          <reporter-output>
          </reporter-output>
        </test-method> <!-- activeFilter -->
        <test-method signature="comleteFilter()[pri:0, instance:todos.todoscrud.CRUDToDoTest@11a9e7c8]" started-at="2020-09-18T15:45:04Z" name="comleteFilter" finished-at="2020-09-18T15:45:04Z" depends-on-methods="todos.todoscrud.CRUDToDoTest.addTodoItems" duration-ms="284" status="PASS">
          <reporter-output>
          </reporter-output>
        </test-method> <!-- comleteFilter -->
        <test-method signature="deleteTodo()[pri:0, instance:todos.todoscrud.CRUDToDoTest@11a9e7c8]" started-at="2020-09-18T15:45:04Z" name="deleteTodo" finished-at="2020-09-18T15:45:04Z" depends-on-methods="todos.todoscrud.CRUDToDoTest.addTodoItems" duration-ms="6" status="PASS">
          <reporter-output>
          </reporter-output>
        </test-method> <!-- deleteTodo -->
        <test-method signature="verifyAddedItemPresentinTodoList()[pri:0, instance:todos.todoscrud.CRUDToDoTest@11a9e7c8]" started-at="2020-09-18T15:45:04Z" name="verifyAddedItemPresentinTodoList" finished-at="2020-09-18T15:45:05Z" depends-on-methods="todos.todoscrud.CRUDToDoTest.addTodoItems" duration-ms="149" status="PASS">
          <reporter-output>
          </reporter-output>
        </test-method> <!-- verifyAddedItemPresentinTodoList -->
        <test-method is-config="true" signature="quitDriver()[pri:0, instance:todos.todoscrud.CRUDToDoTest@11a9e7c8]" started-at="2020-09-18T15:45:05Z" name="quitDriver" finished-at="2020-09-18T15:45:05Z" duration-ms="819" status="PASS">
          <reporter-output>
          </reporter-output>
        </test-method> <!-- quitDriver -->
      </class> <!-- todos.todoscrud.CRUDToDoTest -->
    </test> <!-- create -->
  </suite> <!-- Suite -->
</testng-results>
