<?xml version="1.0" encoding="UTF-8"?>
<testsuite xmlns:xsi="http://www.w3.org/2001/XMLSchema-instance" xsi:schemaLocation="https://maven.apache.org/surefire/maven-surefire-plugin/xsd/surefire-test-report.xsd" name="TestSuite" time="22.079" tests="7" errors="0" skipped="0" failures="1">
  <properties>
[...]
</properties>
  <testcase name="addTodoItems" classname="todos.todoscrud.CRUDToDoTest" time="1.34"/>
  <testcase name="CompleteTodo" classname="todos.todoscrud.CRUDToDoTest" time="0.253"/>
  <testcase name="activeFilter" classname="todos.todoscrud.CRUDToDoTest" time="0.131"/>
  <testcase name="comleteFilter" classname="todos.todoscrud.CRUDToDoTest" time="0.14"/>
  <testcase name="deleteTodo" classname="todos.todoscrud.CRUDToDoTest" time="0.002"/>
  <testcase name="verifyAddedItemPresentinTodoList" classname="todos.todoscrud.CRUDToDoTest" time="0.022"/>
  <testcase name="activeFilter" classname="todos.todoscrud.FilterTests" time="2.262">
    <failure message="no such element: Unable to locate element: {&quot;method&quot;:&quot;xpath&quot;,&quot;selector&quot;:&quot;(//*[@class=&apos;filters&apos;])/li[2]/*[contains(text(),&apos;Active&apos;)]&quot;}&#10;  (Session info: chrome=85.0.4183.102)&#10;For documentation on this error, please visit: http://seleniumhq.org/exceptions/no_such_element.html&#10;Build info: version: &apos;3.11.0&apos;, revision: &apos;e59cfb3&apos;, time: &apos;2018-03-11T20:26:55.152Z&apos;&#10;System info: host: &apos;DESKTOP-M7EUR2I&apos;, ip: &apos;192.168.0.102&apos;, os.name: &apos;Windows 10&apos;, os.arch: &apos;amd64&apos;, os.version: &apos;10.0&apos;, java.version: &apos;12&apos;&#10;Driver info: org.openqa.selenium.chrome.ChromeDriver&#10;Capabilities {acceptInsecureCerts: false, browserName: chrome, browserVersion: 85.0.4183.102, chrome: {chromedriverVersion: 85.0.4183.87 (cd6713ebf92fa..., userDataDir: C:\Users\Admin\AppData\Loca...}, goog:chromeOptions: {debuggerAddress: localhost:62154}, javascriptEnabled: true, networkConnectionEnabled: false, pageLoadStrategy: normal, platform: WINDOWS, platformName: WINDOWS, proxy: Proxy(), setWindowRect: true, strictFileInteractability: false, timeouts: {implicit: 0, pageLoad: 300000, script: 30000}, unhandledPromptBehavior: dismiss and notify, webauthn:virtualAuthenticators: true}&#10;Session ID: 0473ae764d831b919935ff0a21ac006e&#10;*** Element info: {Using=xpath, value=(//*[@class=&apos;filters&apos;])/li[2]/*[contains(text(),&apos;Active&apos;)]}" type="org.openqa.selenium.NoSuchElementException">org.openqa.selenium.NoSuchElementException: 
no such element: Unable to locate element: {"method":"xpath","selector":"(//*[@class='filters'])/li[2]/*[contains(text(),'Active')]"}
  (Session info: chrome=85.0.4183.102)
For documentation on this error, please visit: http://seleniumhq.org/exceptions/no_such_element.html
Build info: version: '3.11.0', revision: 'e59cfb3', time: '2018-03-11T20:26:55.152Z'
System info: host: 'DESKTOP-M7EUR2I', ip: '192.168.0.102', os.name: 'Windows 10', os.arch: 'amd64', os.version: '10.0', java.version: '12'
Driver info: org.openqa.selenium.chrome.ChromeDriver
Capabilities {acceptInsecureCerts: false, browserName: chrome, browserVersion: 85.0.4183.102, chrome: {chromedriverVersion: 85.0.4183.87 (cd6713ebf92fa..., userDataDir: C:\Users\Admin\AppData\Loca...}, goog:chromeOptions: {debuggerAddress: localhost:62154}, javascriptEnabled: true, networkConnectionEnabled: false, pageLoadStrategy: normal, platform: WINDOWS, platformName: WINDOWS, proxy: Proxy(), setWindowRect: true, strictFileInteractability: false, timeouts: {implicit: 0, pageLoad: 300000, script: 30000}, unhandledPromptBehavior: dismiss and notify, webauthn:virtualAuthenticators: true}
Session ID: 0473ae764d831b919935ff0a21ac006e
*** Element info: {Using=xpath, value=(//*[@class='filters'])/li[2]/*[contains(text(),'Active')]}
	at todos.todoscrud.FilterTests.activeFilter(FilterTests.java:27)
</failure>
    <system-out><![CDATA[INFO    2020-09-18 22:17:36,475 [main] report.TestListener  - *** Executed verifyAddedItemPresentinTodoList test successfully...
11258 [main] INFO report.TestListener  - *** Executed verifyAddedItemPresentinTodoList test successfully...
INFO    2020-09-18 22:17:37,273 [main] report.TestListener  - *** Test Suite create ending ***
12056 [main] INFO report.TestListener  - *** Test Suite create ending ***
INFO    2020-09-18 22:17:37,758 [main] report.TestListener  - *** Test Suite complete started ***
12541 [main] INFO report.TestListener  - *** Test Suite complete started ***
INFO    2020-09-18 22:17:37,759 [main] commonLib.BaseTest  - Initialzing Browser
12542 [main] INFO commonLib.BaseTest  - Initialzing Browser
12542 [main] INFO commonLib.BaseTest  - Initialzing Browser
INFO    2020-09-18 22:17:43,141 [main] report.TestListener  - *** Running test method activeFilter...
17924 [main] INFO report.TestListener  - *** Running test method activeFilter...
17924 [main] INFO report.TestListener  - *** Running test method activeFilter...
]]></system-out>
    <system-err><![CDATA[Starting ChromeDriver 85.0.4183.87 (cd6713ebf92fa1cacc0f1a598df280093af0c5d7-refs/branch-heads/4183@{#1689}) on port 27207
Only local connections are allowed.
Please see https://chromedriver.chromium.org/security-considerations for suggestions on keeping ChromeDriver safe.
ChromeDriver was started successfully.
Sep 18, 2020 10:17:41 PM org.openqa.selenium.remote.ProtocolHandshake createSession
INFO: Detected dialect: W3C
]]></system-err>
  </testcase>
</testsuite>