<?xml version="1.0" encoding="UTF-8" ?>
<testsuite tests="6" failures="1" name="todos.todoscrud.CRUDToDoTest" time="0.087" errors="0" skipped="5">
  <properties>
[...]
</properties>
  <testcase classname="todos.todoscrud.CRUDToDoTest" name="addTodoItems" time="0.011">
    <failure message="file not found! /ToDoItems.txt" type="java.lang.IllegalArgumentException">java.lang.IllegalArgumentException: file not found! /ToDoItems.txt
	at commonLib.UtilLib.getFileFromResourceAsStream1(UtilLib.java:56)
	at commonLib.UtilLib.fetchTodoListFromFile(UtilLib.java:68)
	at todos.todoscrud.CRUDToDoTest.addTodoItems(CRUDToDoTest.java:48)
</failure>
    <system-out>Configuring TestNG with: org.apache.maven.surefire.testng.conf.TestNG652Configurator@6956de9
INFO    2020-09-17 17:36:38,588 [main] commonLib.BaseTest2  - Initialzing Browser
0 [main] INFO commonLib.BaseTest2  - Initialzing Browser
</system-out>
    <system-err>SLF4J: Failed to load class &quot;org.slf4j.impl.StaticLoggerBinder&quot;.
SLF4J: Defaulting to no-operation (NOP) logger implementation
SLF4J: See http://www.slf4j.org/codes.html#StaticLoggerBinder for further details.
Starting ChromeDriver 85.0.4183.87 (cd6713ebf92fa1cacc0f1a598df280093af0c5d7-refs/branch-heads/4183@{#1689}) on port 28684
Only local connections are allowed.
Please see https://chromedriver.chromium.org/security-considerations for suggestions on keeping ChromeDriver safe.
ChromeDriver was started successfully.
Sep 17, 2020 5:36:44 PM org.openqa.selenium.remote.ProtocolHandshake createSession
INFO: Detected dialect: W3C
</system-err>
  </testcase>
  <testcase classname="todos.todoscrud.CRUDToDoTest" name="CompleteTodo" time="0.012">
    <skipped/>
  </testcase>
  <testcase classname="todos.todoscrud.CRUDToDoTest" name="activeFilter" time="0.016">
    <skipped/>
  </testcase>
  <testcase classname="todos.todoscrud.CRUDToDoTest" name="comleteFilter" time="0.016">
    <skipped/>
  </testcase>
  <testcase classname="todos.todoscrud.CRUDToDoTest" name="deleteTodo" time="0.016">
    <skipped/>
  </testcase>
  <testcase classname="todos.todoscrud.CRUDToDoTest" name="verifyAddedItemPresentinTodoList" time="0.016">
    <skipped/>
  </testcase>
</testsuite>