-------------------------------------------------------------------------------
Test set: todos.todoscrud.CRUDToDoTest
-------------------------------------------------------------------------------
Tests run: 6, Failures: 1, Errors: 0, Skipped: 5, Time elapsed: 11.353 sec <<< FAILURE!
addTodoItems(todos.todoscrud.CRUDToDoTest)  Time elapsed: 0.011 sec  <<< FAILURE!
java.lang.IllegalArgumentException: file not found! /ToDoItems.txt
	at commonLib.UtilLib.getFileFromResourceAsStream1(UtilLib.java:56)
	at commonLib.UtilLib.fetchTodoListFromFile(UtilLib.java:68)
	at todos.todoscrud.CRUDToDoTest.addTodoItems(CRUDToDoTest.java:48)

