<?xml version="1.0" encoding="UTF-8"?>
<!-- Generated by org.testng.reporters.JUnitXMLReporter -->
<testsuite ignored="0" hostname="DESKTOP-M7EUR2I" failures="1" tests="1" name="complete" time="5.613" errors="0" timestamp="17 Sep 2020 07:42:15 GMT">
  <testcase classname="todos.todoscrud.CompleteToDo" name="selectTodoItem" time="0.002">
    <failure type="java.lang.NullPointerException">
      <![CDATA[java.lang.NullPointerException
at todos.todoscrud.CompleteToDo.selectTodoItem(CompleteToDo.java:46)
... Removed 25 stack frames]]>
    </failure>
  </testcase> <!-- selectTodoItem -->
</testsuite> <!-- complete -->
