<?xml version="1.0" encoding="UTF-8"?>
<testng-results ignored="0" total="6" passed="6" failed="0" skipped="0">
  <reporter-output>
  </reporter-output>
  <suite started-at="2020-09-17T11:48:45Z" name="Suite" finished-at="2020-09-17T11:48:56Z" duration-ms="10337">
    <groups>
      <group name="Sanity">
        <method signature="CRUDToDoTest.addTodoItems()[pri:0, instance:todos.todoscrud.CRUDToDoTest@619713e5]" name="addTodoItems" class="todos.todoscrud.CRUDToDoTest"/>
      </group> <!-- Sanity -->
    </groups>
    <test started-at="2020-09-17T11:48:45Z" name="create" finished-at="2020-09-17T11:48:56Z" duration-ms="10337">
      <class name="todos.todoscrud.CRUDToDoTest">
        <test-method is-config="true" signature="setupDriver(org.testng.ITestContext)[pri:0, instance:todos.todoscrud.CRUDToDoTest@619713e5]" started-at="2020-09-17T11:48:45Z" name="setupDriver" finished-at="2020-09-17T11:48:50Z" duration-ms="4964" status="PASS">
          <params>
            <param index="0">
              <value>
                <![CDATA[org.testng.TestRunner@584f5497]]>
              </value>
            </param>
          </params>
          <reporter-output>
          </reporter-output>
        </test-method> <!-- setupDriver -->
        <test-method is-config="true" signature="goTo()[pri:0, instance:todos.todoscrud.CRUDToDoTest@619713e5]" started-at="2020-09-17T11:48:50Z" name="goTo" finished-at="2020-09-17T11:48:53Z" depends-on-methods="commonLib.BaseTest2.setupDriver" duration-ms="2367" status="PASS">
          <reporter-output>
          </reporter-output>
        </test-method> <!-- goTo -->
        <test-method signature="addTodoItems()[pri:0, instance:todos.todoscrud.CRUDToDoTest@619713e5]" started-at="2020-09-17T11:48:53Z" name="addTodoItems" finished-at="2020-09-17T11:48:54Z" duration-ms="1335" status="PASS">
          <reporter-output>
          </reporter-output>
        </test-method> <!-- addTodoItems -->
        <test-method signature="CompleteTodo()[pri:0, instance:todos.todoscrud.CRUDToDoTest@619713e5]" started-at="2020-09-17T11:48:54Z" name="CompleteTodo" finished-at="2020-09-17T11:48:54Z" depends-on-methods="todos.todoscrud.CRUDToDoTest.addTodoItems" duration-ms="311" status="PASS">
          <reporter-output>
          </reporter-output>
        </test-method> <!-- CompleteTodo -->
        <test-method signature="activeFilter()[pri:0, instance:todos.todoscrud.CRUDToDoTest@619713e5]" started-at="2020-09-17T11:48:54Z" name="activeFilter" finished-at="2020-09-17T11:48:55Z" depends-on-methods="todos.todoscrud.CRUDToDoTest.addTodoItems" duration-ms="313" status="PASS">
          <reporter-output>
          </reporter-output>
        </test-method> <!-- activeFilter -->
        <test-method signature="comleteFilter()[pri:0, instance:todos.todoscrud.CRUDToDoTest@619713e5]" started-at="2020-09-17T11:48:55Z" name="comleteFilter" finished-at="2020-09-17T11:48:55Z" depends-on-methods="todos.todoscrud.CRUDToDoTest.addTodoItems" duration-ms="178" status="PASS">
          <reporter-output>
          </reporter-output>
        </test-method> <!-- comleteFilter -->
        <test-method signature="deleteTodo()[pri:0, instance:todos.todoscrud.CRUDToDoTest@619713e5]" started-at="2020-09-17T11:48:55Z" name="deleteTodo" finished-at="2020-09-17T11:48:55Z" depends-on-methods="todos.todoscrud.CRUDToDoTest.addTodoItems" duration-ms="1" status="PASS">
          <reporter-output>
          </reporter-output>
        </test-method> <!-- deleteTodo -->
        <test-method signature="verifyAddedItemPresentinTodoList()[pri:0, instance:todos.todoscrud.CRUDToDoTest@619713e5]" started-at="2020-09-17T11:48:55Z" name="verifyAddedItemPresentinTodoList" finished-at="2020-09-17T11:48:55Z" depends-on-methods="todos.todoscrud.CRUDToDoTest.addTodoItems" duration-ms="44" status="PASS">
          <reporter-output>
          </reporter-output>
        </test-method> <!-- verifyAddedItemPresentinTodoList -->
        <test-method is-config="true" signature="quitDriver()[pri:0, instance:todos.todoscrud.CRUDToDoTest@619713e5]" started-at="2020-09-17T11:48:55Z" name="quitDriver" finished-at="2020-09-17T11:48:56Z" duration-ms="778" status="PASS">
          <reporter-output>
          </reporter-output>
        </test-method> <!-- quitDriver -->
      </class> <!-- todos.todoscrud.CRUDToDoTest -->
    </test> <!-- create -->
  </suite> <!-- Suite -->
</testng-results>
