<?xml version="1.0" encoding="UTF-8"?>
<testng-results ignored="0" total="7" passed="7" failed="0" skipped="0">
  <reporter-output>
  </reporter-output>
  <suite started-at="2020-09-20T05:02:04Z" name="Suite" finished-at="2020-09-20T05:02:18Z" duration-ms="14573">
    <groups>
      <group name="Sanity">
        <method signature="CRUDToDoTest.addTodoItems()[pri:0, instance:todos.todoscrud.CRUDToDoTest@4278a03f]" name="addTodoItems" class="todos.todoscrud.CRUDToDoTest"/>
      </group> <!-- Sanity -->
    </groups>
    <test started-at="2020-09-20T05:02:04Z" name="complete" finished-at="2020-09-20T05:02:17Z" duration-ms="12886">
      <class name="todos.todoscrud.FilterTests">
        <test-method is-config="true" signature="setupDriver()[pri:0, instance:todos.todoscrud.FilterTests@6ac13091]" started-at="2020-09-20T05:02:04Z" name="setupDriver" finished-at="2020-09-20T05:02:13Z" duration-ms="9581" status="PASS">
          <reporter-output>
          </reporter-output>
        </test-method> <!-- setupDriver -->
        <test-method signature="activeFilter()[pri:0, instance:todos.todoscrud.FilterTests@6ac13091]" started-at="2020-09-20T05:02:13Z" name="activeFilter" finished-at="2020-09-20T05:02:15Z" duration-ms="2096" status="PASS">
          <reporter-output>
          </reporter-output>
        </test-method> <!-- activeFilter -->
        <test-method is-config="true" signature="quitDriver()[pri:0, instance:todos.todoscrud.FilterTests@6ac13091]" started-at="2020-09-20T05:02:15Z" name="quitDriver" finished-at="2020-09-20T05:02:17Z" duration-ms="1175" status="PASS">
          <reporter-output>
          </reporter-output>
        </test-method> <!-- quitDriver -->
      </class> <!-- todos.todoscrud.FilterTests -->
    </test> <!-- complete -->
    <test started-at="2020-09-20T05:02:04Z" name="create" finished-at="2020-09-20T05:02:18Z" duration-ms="14573">
      <class name="todos.todoscrud.CRUDToDoTest">
        <test-method is-config="true" signature="setupDriver()[pri:0, instance:todos.todoscrud.CRUDToDoTest@4278a03f]" started-at="2020-09-20T05:02:04Z" name="setupDriver" finished-at="2020-09-20T05:02:14Z" duration-ms="9986" status="PASS">
          <reporter-output>
          </reporter-output>
        </test-method> <!-- setupDriver -->
        <test-method is-config="true" signature="goTo()[pri:0, instance:todos.todoscrud.CRUDToDoTest@4278a03f]" started-at="2020-09-20T05:02:14Z" name="goTo" finished-at="2020-09-20T05:02:14Z" depends-on-methods="commonLib.BaseTest.setupDriver" duration-ms="62" status="PASS">
          <reporter-output>
          </reporter-output>
        </test-method> <!-- goTo -->
        <test-method signature="addTodoItems()[pri:0, instance:todos.todoscrud.CRUDToDoTest@4278a03f]" started-at="2020-09-20T05:02:14Z" name="addTodoItems" finished-at="2020-09-20T05:02:15Z" duration-ms="1622" status="PASS">
          <reporter-output>
          </reporter-output>
        </test-method> <!-- addTodoItems -->
        <test-method signature="CompleteTodo()[pri:0, instance:todos.todoscrud.CRUDToDoTest@4278a03f]" started-at="2020-09-20T05:02:15Z" name="CompleteTodo" finished-at="2020-09-20T05:02:16Z" depends-on-methods="todos.todoscrud.CRUDToDoTest.addTodoItems" duration-ms="633" status="PASS">
          <reporter-output>
          </reporter-output>
        </test-method> <!-- CompleteTodo -->
        <test-method signature="activeFilter()[pri:0, instance:todos.todoscrud.CRUDToDoTest@4278a03f]" started-at="2020-09-20T05:02:16Z" name="activeFilter" finished-at="2020-09-20T05:02:16Z" depends-on-methods="todos.todoscrud.CRUDToDoTest.addTodoItems" duration-ms="291" status="PASS">
          <reporter-output>
          </reporter-output>
        </test-method> <!-- activeFilter -->
        <test-method signature="comleteFilter()[pri:0, instance:todos.todoscrud.CRUDToDoTest@4278a03f]" started-at="2020-09-20T05:02:16Z" name="comleteFilter" finished-at="2020-09-20T05:02:17Z" depends-on-methods="todos.todoscrud.CRUDToDoTest.addTodoItems" duration-ms="487" status="PASS">
          <reporter-output>
          </reporter-output>
        </test-method> <!-- comleteFilter -->
        <test-method signature="deleteTodo()[pri:0, instance:todos.todoscrud.CRUDToDoTest@4278a03f]" started-at="2020-09-20T05:02:17Z" name="deleteTodo" finished-at="2020-09-20T05:02:17Z" depends-on-methods="todos.todoscrud.CRUDToDoTest.addTodoItems" duration-ms="5" status="PASS">
          <reporter-output>
          </reporter-output>
        </test-method> <!-- deleteTodo -->
        <test-method signature="verifyAddedItemPresentinTodoList()[pri:0, instance:todos.todoscrud.CRUDToDoTest@4278a03f]" started-at="2020-09-20T05:02:17Z" name="verifyAddedItemPresentinTodoList" finished-at="2020-09-20T05:02:18Z" depends-on-methods="todos.todoscrud.CRUDToDoTest.addTodoItems" duration-ms="99" status="PASS">
          <reporter-output>
          </reporter-output>
        </test-method> <!-- verifyAddedItemPresentinTodoList -->
        <test-method is-config="true" signature="quitDriver()[pri:0, instance:todos.todoscrud.CRUDToDoTest@4278a03f]" started-at="2020-09-20T05:02:18Z" name="quitDriver" finished-at="2020-09-20T05:02:18Z" duration-ms="802" status="PASS">
          <reporter-output>
          </reporter-output>
        </test-method> <!-- quitDriver -->
      </class> <!-- todos.todoscrud.CRUDToDoTest -->
    </test> <!-- create -->
  </suite> <!-- Suite -->
</testng-results>
