<?xml version="1.0" encoding="UTF-8"?>
<testng-results ignored="0" total="7" passed="6" failed="1" skipped="0">
  <reporter-output>
  </reporter-output>
  <suite started-at="2020-09-18T16:47:25Z" name="Suite" finished-at="2020-09-18T16:47:46Z" duration-ms="20874">
    <groups>
      <group name="Sanity">
        <method signature="CRUDToDoTest.addTodoItems()[pri:0, instance:todos.todoscrud.CRUDToDoTest@b62fe6d]" name="addTodoItems" class="todos.todoscrud.CRUDToDoTest"/>
      </group> <!-- Sanity -->
    </groups>
    <test started-at="2020-09-18T16:47:25Z" name="create" finished-at="2020-09-18T16:47:37Z" duration-ms="12043">
      <class name="todos.todoscrud.CRUDToDoTest">
        <test-method is-config="true" signature="setupDriver()[pri:0, instance:todos.todoscrud.CRUDToDoTest@b62fe6d]" started-at="2020-09-18T16:47:25Z" name="setupDriver" finished-at="2020-09-18T16:47:31Z" duration-ms="6384" status="PASS">
          <reporter-output>
          </reporter-output>
        </test-method> <!-- setupDriver -->
        <test-method is-config="true" signature="goTo()[pri:0, instance:todos.todoscrud.CRUDToDoTest@b62fe6d]" started-at="2020-09-18T16:47:31Z" name="goTo" finished-at="2020-09-18T16:47:34Z" depends-on-methods="commonLib.BaseTest.setupDriver" duration-ms="2945" status="PASS">
          <reporter-output>
          </reporter-output>
        </test-method> <!-- goTo -->
        <test-method signature="addTodoItems()[pri:0, instance:todos.todoscrud.CRUDToDoTest@b62fe6d]" started-at="2020-09-18T16:47:34Z" name="addTodoItems" finished-at="2020-09-18T16:47:35Z" duration-ms="1337" status="PASS">
          <reporter-output>
          </reporter-output>
        </test-method> <!-- addTodoItems -->
        <test-method signature="CompleteTodo()[pri:0, instance:todos.todoscrud.CRUDToDoTest@b62fe6d]" started-at="2020-09-18T16:47:35Z" name="CompleteTodo" finished-at="2020-09-18T16:47:36Z" depends-on-methods="todos.todoscrud.CRUDToDoTest.addTodoItems" duration-ms="254" status="PASS">
          <reporter-output>
          </reporter-output>
        </test-method> <!-- CompleteTodo -->
        <test-method signature="activeFilter()[pri:0, instance:todos.todoscrud.CRUDToDoTest@b62fe6d]" started-at="2020-09-18T16:47:36Z" name="activeFilter" finished-at="2020-09-18T16:47:36Z" depends-on-methods="todos.todoscrud.CRUDToDoTest.addTodoItems" duration-ms="131" status="PASS">
          <reporter-output>
          </reporter-output>
        </test-method> <!-- activeFilter -->
        <test-method signature="comleteFilter()[pri:0, instance:todos.todoscrud.CRUDToDoTest@b62fe6d]" started-at="2020-09-18T16:47:36Z" name="comleteFilter" finished-at="2020-09-18T16:47:36Z" depends-on-methods="todos.todoscrud.CRUDToDoTest.addTodoItems" duration-ms="141" status="PASS">
          <reporter-output>
          </reporter-output>
        </test-method> <!-- comleteFilter -->
        <test-method signature="deleteTodo()[pri:0, instance:todos.todoscrud.CRUDToDoTest@b62fe6d]" started-at="2020-09-18T16:47:36Z" name="deleteTodo" finished-at="2020-09-18T16:47:36Z" depends-on-methods="todos.todoscrud.CRUDToDoTest.addTodoItems" duration-ms="1" status="PASS">
          <reporter-output>
          </reporter-output>
        </test-method> <!-- deleteTodo -->
        <test-method signature="verifyAddedItemPresentinTodoList()[pri:0, instance:todos.todoscrud.CRUDToDoTest@b62fe6d]" started-at="2020-09-18T16:47:36Z" name="verifyAddedItemPresentinTodoList" finished-at="2020-09-18T16:47:36Z" depends-on-methods="todos.todoscrud.CRUDToDoTest.addTodoItems" duration-ms="25" status="PASS">
          <reporter-output>
          </reporter-output>
        </test-method> <!-- verifyAddedItemPresentinTodoList -->
        <test-method is-config="true" signature="quitDriver()[pri:0, instance:todos.todoscrud.CRUDToDoTest@b62fe6d]" started-at="2020-09-18T16:47:36Z" name="quitDriver" finished-at="2020-09-18T16:47:37Z" duration-ms="783" status="PASS">
          <reporter-output>
          </reporter-output>
        </test-method> <!-- quitDriver -->
      </class> <!-- todos.todoscrud.CRUDToDoTest -->
    </test> <!-- create -->
    <test started-at="2020-09-18T16:47:37Z" name="complete" finished-at="2020-09-18T16:47:46Z" duration-ms="8332">
      <class name="todos.todoscrud.FilterTests">
        <test-method is-config="true" signature="setupDriver()[pri:0, instance:todos.todoscrud.FilterTests@78b729e6]" started-at="2020-09-18T16:47:37Z" name="setupDriver" finished-at="2020-09-18T16:47:43Z" duration-ms="5382" status="PASS">
          <reporter-output>
          </reporter-output>
        </test-method> <!-- setupDriver -->
        <test-method signature="activeFilter()[pri:0, instance:todos.todoscrud.FilterTests@78b729e6]" started-at="2020-09-18T16:47:43Z" name="activeFilter" finished-at="2020-09-18T16:47:45Z" duration-ms="2251" status="FAIL">
          <exception class="org.openqa.selenium.NoSuchElementException">
            <message>
              <![CDATA[no such element: Unable to locate element: {"method":"xpath","selector":"(//*[@class='filters'])/li[2]/*[contains(text(),'Active')]"}
  (Session info: chrome=85.0.4183.102)
For documentation on this error, please visit: http://seleniumhq.org/exceptions/no_such_element.html
Build info: version: '3.11.0', revision: 'e59cfb3', time: '2018-03-11T20:26:55.152Z'
System info: host: 'DESKTOP-M7EUR2I', ip: '192.168.0.102', os.name: 'Windows 10', os.arch: 'amd64', os.version: '10.0', java.version: '12'
Driver info: org.openqa.selenium.chrome.ChromeDriver
Capabilities {acceptInsecureCerts: false, browserName: chrome, browserVersion: 85.0.4183.102, chrome: {chromedriverVersion: 85.0.4183.87 (cd6713ebf92fa..., userDataDir: C:\Users\Admin\AppData\Loca...}, goog:chromeOptions: {debuggerAddress: localhost:62154}, javascriptEnabled: true, networkConnectionEnabled: false, pageLoadStrategy: normal, platform: WINDOWS, platformName: WINDOWS, proxy: Proxy(), setWindowRect: true, strictFileInteractability: false, timeouts: {implicit: 0, pageLoad: 300000, script: 30000}, unhandledPromptBehavior: dismiss and notify, webauthn:virtualAuthenticators: true}
Session ID: 0473ae764d831b919935ff0a21ac006e
*** Element info: {Using=xpath, value=(//*[@class='filters'])/li[2]/*[contains(text(),'Active')]}]]>
            </message>
            <full-stacktrace>
              <![CDATA[org.openqa.selenium.NoSuchElementException: no such element: Unable to locate element: {"method":"xpath","selector":"(//*[@class='filters'])/li[2]/*[contains(text(),'Active')]"}
  (Session info: chrome=85.0.4183.102)
For documentation on this error, please visit: http://seleniumhq.org/exceptions/no_such_element.html
Build info: version: '3.11.0', revision: 'e59cfb3', time: '2018-03-11T20:26:55.152Z'
System info: host: 'DESKTOP-M7EUR2I', ip: '192.168.0.102', os.name: 'Windows 10', os.arch: 'amd64', os.version: '10.0', java.version: '12'
Driver info: org.openqa.selenium.chrome.ChromeDriver
Capabilities {acceptInsecureCerts: false, browserName: chrome, browserVersion: 85.0.4183.102, chrome: {chromedriverVersion: 85.0.4183.87 (cd6713ebf92fa..., userDataDir: C:\Users\Admin\AppData\Loca...}, goog:chromeOptions: {debuggerAddress: localhost:62154}, javascriptEnabled: true, networkConnectionEnabled: false, pageLoadStrategy: normal, platform: WINDOWS, platformName: WINDOWS, proxy: Proxy(), setWindowRect: true, strictFileInteractability: false, timeouts: {implicit: 0, pageLoad: 300000, script: 30000}, unhandledPromptBehavior: dismiss and notify, webauthn:virtualAuthenticators: true}
Session ID: 0473ae764d831b919935ff0a21ac006e
*** Element info: {Using=xpath, value=(//*[@class='filters'])/li[2]/*[contains(text(),'Active')]}
at java.base/jdk.internal.reflect.NativeConstructorAccessorImpl.newInstance0(Native Method)
at java.base/jdk.internal.reflect.NativeConstructorAccessorImpl.newInstance(NativeConstructorAccessorImpl.java:62)
at java.base/jdk.internal.reflect.DelegatingConstructorAccessorImpl.newInstance(DelegatingConstructorAccessorImpl.java:45)
at java.base/java.lang.reflect.Constructor.newInstanceWithCaller(Constructor.java:500)
at java.base/java.lang.reflect.Constructor.newInstance(Constructor.java:481)
at org.openqa.selenium.remote.http.W3CHttpResponseCodec.createException(W3CHttpResponseCodec.java:187)
at org.openqa.selenium.remote.http.W3CHttpResponseCodec.decode(W3CHttpResponseCodec.java:122)
at org.openqa.selenium.remote.http.W3CHttpResponseCodec.decode(W3CHttpResponseCodec.java:49)
at org.openqa.selenium.remote.HttpCommandExecutor.execute(HttpCommandExecutor.java:158)
at org.openqa.selenium.remote.service.DriverCommandExecutor.execute(DriverCommandExecutor.java:83)
at org.openqa.selenium.remote.RemoteWebDriver.execute(RemoteWebDriver.java:545)
at org.openqa.selenium.remote.RemoteWebDriver.findElement(RemoteWebDriver.java:319)
at org.openqa.selenium.remote.RemoteWebDriver.findElementByXPath(RemoteWebDriver.java:421)
at org.openqa.selenium.By$ByXPath.findElement(By.java:361)
at org.openqa.selenium.remote.RemoteWebDriver.findElement(RemoteWebDriver.java:311)
at org.openqa.selenium.support.pagefactory.DefaultElementLocator.findElement(DefaultElementLocator.java:69)
at org.openqa.selenium.support.pagefactory.internal.LocatingElementHandler.invoke(LocatingElementHandler.java:38)
at com.sun.proxy.$Proxy9.click(Unknown Source)
at modules.Filter.verifyToDoList(Filter.java:57)
at todos.todoscrud.FilterTests.activeFilter(FilterTests.java:27)
at java.base/jdk.internal.reflect.NativeMethodAccessorImpl.invoke0(Native Method)
at java.base/jdk.internal.reflect.NativeMethodAccessorImpl.invoke(NativeMethodAccessorImpl.java:62)
at java.base/jdk.internal.reflect.DelegatingMethodAccessorImpl.invoke(DelegatingMethodAccessorImpl.java:43)
at java.base/java.lang.reflect.Method.invoke(Method.java:567)
at org.testng.internal.MethodInvocationHelper.invokeMethod(MethodInvocationHelper.java:124)
at org.testng.internal.Invoker.invokeMethod(Invoker.java:583)
at org.testng.internal.Invoker.invokeTestMethod(Invoker.java:719)
at org.testng.internal.Invoker.invokeTestMethods(Invoker.java:989)
at org.testng.internal.TestMethodWorker.invokeTestMethods(TestMethodWorker.java:125)
at org.testng.internal.TestMethodWorker.run(TestMethodWorker.java:109)
at org.testng.TestRunner.privateRun(TestRunner.java:648)
at org.testng.TestRunner.run(TestRunner.java:505)
at org.testng.SuiteRunner.runTest(SuiteRunner.java:455)
at org.testng.SuiteRunner.runSequentially(SuiteRunner.java:450)
at org.testng.SuiteRunner.privateRun(SuiteRunner.java:415)
at org.testng.SuiteRunner.run(SuiteRunner.java:364)
at org.testng.SuiteRunnerWorker.runSuite(SuiteRunnerWorker.java:52)
at org.testng.SuiteRunnerWorker.run(SuiteRunnerWorker.java:84)
at org.testng.TestNG.runSuitesSequentially(TestNG.java:1208)
at org.testng.TestNG.runSuitesLocally(TestNG.java:1137)
at org.testng.TestNG.runSuites(TestNG.java:1049)
at org.testng.TestNG.run(TestNG.java:1017)
at org.apache.maven.surefire.testng.TestNGExecutor.run(TestNGExecutor.java:281)
at org.apache.maven.surefire.testng.TestNGXmlTestSuite.execute(TestNGXmlTestSuite.java:75)
at org.apache.maven.surefire.testng.TestNGProvider.invoke(TestNGProvider.java:121)
at org.apache.maven.surefire.booter.ForkedBooter.invokeProviderInSameClassLoader(ForkedBooter.java:290)
at org.apache.maven.surefire.booter.ForkedBooter.runSuitesInProcess(ForkedBooter.java:242)
at org.apache.maven.surefire.booter.ForkedBooter.main(ForkedBooter.java:121)
]]>
            </full-stacktrace>
          </exception> <!-- org.openqa.selenium.NoSuchElementException -->
          <reporter-output>
          </reporter-output>
        </test-method> <!-- activeFilter -->
        <test-method is-config="true" signature="quitDriver()[pri:0, instance:todos.todoscrud.FilterTests@78b729e6]" started-at="2020-09-18T16:47:45Z" name="quitDriver" finished-at="2020-09-18T16:47:46Z" duration-ms="688" status="PASS">
          <reporter-output>
          </reporter-output>
        </test-method> <!-- quitDriver -->
      </class> <!-- todos.todoscrud.FilterTests -->
    </test> <!-- complete -->
  </suite> <!-- Suite -->
</testng-results>
